<?xml version="1.0" encoding="UTF-8"?>
<!-- Generated by org.testng.reporters.JUnitReportReporter -->
<testsuite hostname="MicaiCora-PC" failures="0" tests="1" name="BookingComProject.PositiveLoginTest" time="17.664" errors="0" timestamp="2021-03-29T16:01:44 CEST" skipped="0">
  <testcase classname="BookingComProject.PositiveLoginTest" name="bookingComPositiveLoginTest" time="17.664"/>
  <system-out/>
</testsuite> <!-- BookingComProject.PositiveLoginTest -->
