<?xml version="1.0" encoding="UTF-8"?>
<!-- Generated by org.testng.reporters.JUnitReportReporter -->
<testsuite hostname="MicaiCora-PC" failures="0" tests="1" name="BookingComProject.NegativeLoginTest" time="15.248" errors="0" timestamp="2021-04-08T17:28:43 CEST" skipped="0">
  <testcase classname="BookingComProject.NegativeLoginTest" name="bookingComNegativeLoginTest" time="15.248"/>
  <system-out/>
</testsuite> <!-- BookingComProject.NegativeLoginTest -->
