<?xml version="1.0" encoding="UTF-8"?>
<!-- Generated by org.testng.reporters.JUnitReportReporter -->
<testsuite hostname="MicaiCora-PC" failures="0" tests="1" name="BookingComProject.SearchAccommodationFunctionalityTest" time="27.968" errors="0" timestamp="2021-03-25T18:51:11 CET" skipped="0">
  <testcase classname="BookingComProject.SearchAccommodationFunctionalityTest" name="searchAvailableAccommodationTest" time="27.968"/>
  <system-out/>
</testsuite> <!-- BookingComProject.SearchAccommodationFunctionalityTest -->
